\BOOKMARK [0][-]{chapter*.2}{Rechtliche Informationen}{}% 1
\BOOKMARK [1][-]{section*.3}{GNU Free Documentation Licence v1.2}{chapter*.2}% 2
\BOOKMARK [1][-]{section*.4}{GNU General Public Licence v3}{chapter*.2}% 3
\BOOKMARK [1][-]{section*.5}{Mitwirkende}{chapter*.2}% 4
\BOOKMARK [0][-]{chapter*.6}{Installation}{}% 5
\BOOKMARK [1][-]{section*.8}{Systemvoraussetzungen}{chapter*.6}% 6
\BOOKMARK [1][-]{section*.9}{Portable und Stable Version}{chapter*.6}% 7
\BOOKMARK [-1][-]{part.1}{I Grundlegende Bedienung}{}% 8
\BOOKMARK [0][-]{chapter.1}{1 Erste Schritte}{part.1}% 9
\BOOKMARK [1][-]{section.1.1}{1.1 Das User Interface}{chapter.1}% 10
\BOOKMARK [1][-]{section.1.2}{1.2 Einstellungen}{chapter.1}% 11
\BOOKMARK [1][-]{section.1.3}{1.3 Einfache Rechnungen}{chapter.1}% 12
\BOOKMARK [1][-]{section.1.4}{1.4 Wichtige Kommandos}{chapter.1}% 13
\BOOKMARK [0][-]{chapter.2}{2 Daten laden und verwenden}{part.1}% 14
\BOOKMARK [1][-]{section.2.1}{2.1 Dateitypen}{chapter.2}% 15
\BOOKMARK [1][-]{section.2.2}{2.2 Formatierung von Textdateien}{chapter.2}% 16
\BOOKMARK [1][-]{section.2.3}{2.3 Laden und Verwenden}{chapter.2}% 17
\BOOKMARK [1][-]{section.2.4}{2.4 Datenanalyse}{chapter.2}% 18
\BOOKMARK [0][-]{chapter.3}{3 Erzeugen von Graphen}{part.1}% 19
\BOOKMARK [1][-]{section.3.1}{3.1 Typen von Graphen}{chapter.3}% 20
\BOOKMARK [1][-]{section.3.2}{3.2 Ausgabe}{chapter.3}% 21
\BOOKMARK [1][-]{section.3.3}{3.3 Verwendung}{chapter.3}% 22
\BOOKMARK [1][-]{section.3.4}{3.4 Koordinatensysteme}{chapter.3}% 23
\BOOKMARK [0][-]{chapter.4}{4 Tabellen: der Cache}{part.1}% 24
\BOOKMARK [1][-]{section.4.1}{4.1 Konzept}{chapter.4}% 25
\BOOKMARK [1][-]{section.4.2}{4.2 Erzeugen und Entfernen von Caches}{chapter.4}% 26
\BOOKMARK [1][-]{section.4.3}{4.3 Verwendung}{chapter.4}% 27
\BOOKMARK [1][-]{section.4.4}{4.4 Sortieren, Gl\344tten und Resamplen}{chapter.4}% 28
\BOOKMARK [1][-]{section.4.5}{4.5 Statistik-Funktionalit\344t}{chapter.4}% 29
\BOOKMARK [0][-]{chapter.5}{5 NumeRe-Scripte}{part.1}% 30
\BOOKMARK [1][-]{section.5.1}{5.1 Konzept}{chapter.5}% 31
\BOOKMARK [1][-]{section.5.2}{5.2 Syntaxhhervorhebung}{chapter.5}% 32
\BOOKMARK [1][-]{section.5.3}{5.3 Ein einfaches Script}{chapter.5}% 33
\BOOKMARK [-1][-]{part.2}{II Fortgeschrittene Bedienung}{}% 34
\BOOKMARK [0][-]{chapter.6}{6 Eigene Funktionen}{part.2}% 35
\BOOKMARK [1][-]{section.6.1}{6.1 Definition}{chapter.6}% 36
\BOOKMARK [1][-]{section.6.2}{6.2 Bedingte Definition}{chapter.6}% 37
\BOOKMARK [1][-]{section.6.3}{6.3 Verwendung}{chapter.6}% 38
\BOOKMARK [0][-]{chapter.7}{7 Zeichenketten}{part.2}% 39
\BOOKMARK [1][-]{section.7.1}{7.1 Konzept}{chapter.7}% 40
\BOOKMARK [1][-]{section.7.2}{7.2 Variablentyp}{chapter.7}% 41
\BOOKMARK [1][-]{section.7.3}{7.3 Konvertierung}{chapter.7}% 42
\BOOKMARK [0][-]{chapter.8}{8 Schleifen und Verzweigungen}{part.2}% 43
\BOOKMARK [1][-]{section.8.1}{8.1 Verzweigungen}{chapter.8}% 44
\BOOKMARK [1][-]{section.8.2}{8.2 Bedingte Schleifen}{chapter.8}% 45
\BOOKMARK [1][-]{section.8.3}{8.3 Z\344hlschleifen}{chapter.8}% 46
\BOOKMARK [1][-]{section.8.4}{8.4 Ablaufkontrollen}{chapter.8}% 47
\BOOKMARK [0][-]{chapter.9}{9 Matrix-Operationen}{part.2}% 48
\BOOKMARK [1][-]{section.9.1}{9.1 Ausf\374hren einer Matrix-Operation}{chapter.9}% 49
\BOOKMARK [1][-]{section.9.2}{9.2 Spezielle Funktionen}{chapter.9}% 50
\BOOKMARK [0][-]{chapter.10}{10 Spezielle Kommandos}{part.2}% 51
\BOOKMARK [1][-]{section.10.1}{10.1 Nullstellen}{chapter.10}% 52
\BOOKMARK [1][-]{section.10.2}{10.2 Extrema}{chapter.10}% 53
\BOOKMARK [1][-]{section.10.3}{10.3 Integration}{chapter.10}% 54
\BOOKMARK [1][-]{section.10.4}{10.4 Ableitung}{chapter.10}% 55
\BOOKMARK [1][-]{section.10.5}{10.5 Taylorentwicklung}{chapter.10}% 56
\BOOKMARK [1][-]{section.10.6}{10.6 Funktionswerte in 1D und 2D}{chapter.10}% 57
\BOOKMARK [1][-]{section.10.7}{10.7 Fouriertransformation}{chapter.10}% 58
\BOOKMARK [1][-]{section.10.8}{10.8 Differentialgleichungen}{chapter.10}% 59
\BOOKMARK [0][-]{chapter.11}{11 NumeRe-Prozeduren}{part.2}% 60
\BOOKMARK [1][-]{section.11.1}{11.1 Konzept}{chapter.11}% 61
\BOOKMARK [1][-]{section.11.2}{11.2 Struktur}{chapter.11}% 62
\BOOKMARK [1][-]{section.11.3}{11.3 Lokale und globale Variablen}{chapter.11}% 63
\BOOKMARK [1][-]{section.11.4}{11.4 R\374ckgabewerte}{chapter.11}% 64
\BOOKMARK [1][-]{section.11.5}{11.5 Namensr\344ume}{chapter.11}% 65
\BOOKMARK [1][-]{section.11.6}{11.6 Fehlerbehandlung}{chapter.11}% 66
\BOOKMARK [1][-]{section.11.7}{11.7 Debugging}{chapter.11}% 67
\BOOKMARK [0][-]{chapter.12}{12 Animierte Graphen}{part.2}% 68
\BOOKMARK [0][-]{chapter.13}{13 Zusammengesetzte Graphen}{part.2}% 69
\BOOKMARK [0][-]{chapter.14}{14 Plugins}{part.2}% 70
\BOOKMARK [1][-]{section.14.1}{14.1 Funktionsweise}{chapter.14}% 71
\BOOKMARK [1][-]{section.14.2}{14.2 Installation}{chapter.14}% 72
\BOOKMARK [1][-]{section.14.3}{14.3 Eigene Plugins}{chapter.14}% 73
