\BOOKMARK [0][-]{chapter*.2}{Legal Information}{}% 1
\BOOKMARK [1][-]{section*.3}{GNU Free Documentation Licence v1.2}{chapter*.2}% 2
\BOOKMARK [1][-]{section*.4}{GNU General Public Licence v3}{chapter*.2}% 3
\BOOKMARK [1][-]{section*.5}{Team}{chapter*.2}% 4
\BOOKMARK [0][-]{chapter*.6}{Installation}{}% 5
\BOOKMARK [1][-]{section*.8}{System Preconditions}{chapter*.6}% 6
\BOOKMARK [1][-]{section*.9}{Portable and Stable Version}{chapter*.6}% 7
\BOOKMARK [-1][-]{part.1}{I Basic Usage}{}% 8
\BOOKMARK [0][-]{chapter.1}{1 First Steps}{part.1}% 9
\BOOKMARK [1][-]{section.1.1}{1.1 The User Interface}{chapter.1}% 10
\BOOKMARK [1][-]{section.1.2}{1.2 Preferences}{chapter.1}% 11
\BOOKMARK [1][-]{section.1.3}{1.3 Simple Calculations}{chapter.1}% 12
\BOOKMARK [1][-]{section.1.4}{1.4 Important Commands}{chapter.1}% 13
\BOOKMARK [0][-]{chapter.2}{2 Loading and Using Data}{part.1}% 14
\BOOKMARK [1][-]{section.2.1}{2.1 File Types}{chapter.2}% 15
\BOOKMARK [1][-]{section.2.2}{2.2 Formatting of Text Files}{chapter.2}% 16
\BOOKMARK [1][-]{section.2.3}{2.3 Loading and Using of Files}{chapter.2}% 17
\BOOKMARK [1][-]{section.2.4}{2.4 Data Analysis}{chapter.2}% 18
\BOOKMARK [0][-]{chapter.3}{3 Creating Graphs}{part.1}% 19
\BOOKMARK [1][-]{section.3.1}{3.1 Types of Graphs}{chapter.3}% 20
\BOOKMARK [1][-]{section.3.2}{3.2 Output}{chapter.3}% 21
\BOOKMARK [1][-]{section.3.3}{3.3 Usage}{chapter.3}% 22
\BOOKMARK [1][-]{section.3.4}{3.4 Coordinate Systems}{chapter.3}% 23
\BOOKMARK [0][-]{chapter.4}{4 Tables: the Cache}{part.1}% 24
\BOOKMARK [1][-]{section.4.1}{4.1 Concept}{chapter.4}% 25
\BOOKMARK [1][-]{section.4.2}{4.2 Creating and Removing Caches}{chapter.4}% 26
\BOOKMARK [1][-]{section.4.3}{4.3 Usage}{chapter.4}% 27
\BOOKMARK [1][-]{section.4.4}{4.4 Sorting, Smoothing and Resampling}{chapter.4}% 28
\BOOKMARK [1][-]{section.4.5}{4.5 Statistics Functionalities}{chapter.4}% 29
\BOOKMARK [0][-]{chapter.5}{5 NumeRe Scripts}{part.1}% 30
\BOOKMARK [1][-]{section.5.1}{5.1 Concept}{chapter.5}% 31
\BOOKMARK [1][-]{section.5.2}{5.2 Syntax Highlighting}{chapter.5}% 32
\BOOKMARK [1][-]{section.5.3}{5.3 A Simple Script}{chapter.5}% 33
\BOOKMARK [-1][-]{part.2}{II Advanced Usage}{}% 34
\BOOKMARK [0][-]{chapter.6}{6 Definition of Custom Functions}{part.2}% 35
\BOOKMARK [1][-]{section.6.1}{6.1 Definition}{chapter.6}% 36
\BOOKMARK [1][-]{section.6.2}{6.2 Conditioned Definition}{chapter.6}% 37
\BOOKMARK [1][-]{section.6.3}{6.3 Usage}{chapter.6}% 38
\BOOKMARK [0][-]{chapter.7}{7 Character Strings}{part.2}% 39
\BOOKMARK [1][-]{section.7.1}{7.1 Concept}{chapter.7}% 40
\BOOKMARK [1][-]{section.7.2}{7.2 Variable Type}{chapter.7}% 41
\BOOKMARK [1][-]{section.7.3}{7.3 Conversion}{chapter.7}% 42
\BOOKMARK [0][-]{chapter.8}{8 Loops and Forks as Control Flow Statements}{part.2}% 43
\BOOKMARK [1][-]{section.8.1}{8.1 Forks}{chapter.8}% 44
\BOOKMARK [1][-]{section.8.2}{8.2 Conditioned Loops}{chapter.8}% 45
\BOOKMARK [1][-]{section.8.3}{8.3 Counting Loops}{chapter.8}% 46
\BOOKMARK [1][-]{section.8.4}{8.4 Further Control Flow Statements}{chapter.8}% 47
\BOOKMARK [0][-]{chapter.9}{9 Matrix Operations}{part.2}% 48
\BOOKMARK [1][-]{section.9.1}{9.1 Execution of Matrix Operations}{chapter.9}% 49
\BOOKMARK [1][-]{section.9.2}{9.2 Special Functions}{chapter.9}% 50
\BOOKMARK [0][-]{chapter.10}{10 Special Commands}{part.2}% 51
\BOOKMARK [1][-]{section.10.1}{10.1 Roots}{chapter.10}% 52
\BOOKMARK [1][-]{section.10.2}{10.2 Extrema}{chapter.10}% 53
\BOOKMARK [1][-]{section.10.3}{10.3 Integration}{chapter.10}% 54
\BOOKMARK [1][-]{section.10.4}{10.4 Differentiation}{chapter.10}% 55
\BOOKMARK [1][-]{section.10.5}{10.5 Taylor Expansion}{chapter.10}% 56
\BOOKMARK [1][-]{section.10.6}{10.6 Function Values in 1D and 2D}{chapter.10}% 57
\BOOKMARK [1][-]{section.10.7}{10.7 Fourier Transformation}{chapter.10}% 58
\BOOKMARK [1][-]{section.10.8}{10.8 Differential Equations}{chapter.10}% 59
\BOOKMARK [0][-]{chapter.11}{11 NumeRe Procedures}{part.2}% 60
\BOOKMARK [1][-]{section.11.1}{11.1 Concept}{chapter.11}% 61
\BOOKMARK [1][-]{section.11.2}{11.2 Structure}{chapter.11}% 62
\BOOKMARK [1][-]{section.11.3}{11.3 Local and Global Variables}{chapter.11}% 63
\BOOKMARK [1][-]{section.11.4}{11.4 Return Values}{chapter.11}% 64
\BOOKMARK [1][-]{section.11.5}{11.5 Namespaces}{chapter.11}% 65
\BOOKMARK [1][-]{section.11.6}{11.6 Exception Handling}{chapter.11}% 66
\BOOKMARK [1][-]{section.11.7}{11.7 Debugging}{chapter.11}% 67
\BOOKMARK [0][-]{chapter.12}{12 Animated Graphs}{part.2}% 68
\BOOKMARK [0][-]{chapter.13}{13 Composed Graphs}{part.2}% 69
\BOOKMARK [0][-]{chapter.14}{14 Plugins}{part.2}% 70
\BOOKMARK [1][-]{section.14.1}{14.1 Functionality}{chapter.14}% 71
\BOOKMARK [1][-]{section.14.2}{14.2 Installation}{chapter.14}% 72
\BOOKMARK [1][-]{section.14.3}{14.3 Custom Plugins}{chapter.14}% 73
